name: train
run_id: commands[0]
env TMPDIR: /var/folders/qx/0xgmv3nd2tdczjpql2qv44q00000gp/T/
env TERM: xterm-256color
env HOME: /Users/adash
env LANG: en_CA.UTF-8
env PATH: /Users/adash/Learning/MlOps/ML Deployment/deploying-machine-learning-models/section-05-production-model-package/.tox/test_package/bin:/opt/homebrew/bin:/opt/homebrew/sbin:/usr/local/bin:/System/Cryptexes/App/usr/bin:/usr/bin:/bin:/usr/sbin:/sbin:/usr/local/sbin
env PIP_DISABLE_PIP_VERSION_CHECK: 1
env PYTHONIOENCODING: utf-8
env PYTHONPATH: .
env PYTHONHASHSEED: 0
env TOX_ENV_NAME: train
env TOX_WORK_DIR: /Users/adash/Learning/MlOps/ML Deployment/deploying-machine-learning-models/section-05-production-model-package/.tox
env TOX_ENV_DIR: /Users/adash/Learning/MlOps/ML Deployment/deploying-machine-learning-models/section-05-production-model-package/.tox/test_package
env VIRTUAL_ENV: /Users/adash/Learning/MlOps/ML Deployment/deploying-machine-learning-models/section-05-production-model-package/.tox/test_package
env COLUMNS: 201
env LINES: 59
metadata pid: 84989
cwd: /Users/adash/Learning/MlOps/ML Deployment/deploying-machine-learning-models/section-05-production-model-package
allow: /Users/adash/Learning/MlOps/ML Deployment/deploying-machine-learning-models/section-05-production-model-package/.tox/test_package/bin/*:train
cmd: python regression_model/train_pipeline.py
exit_code: 0
