name: run
run_id: commands[0]
env HOME: /Users/adash
env TMPDIR: /var/folders/qx/0xgmv3nd2tdczjpql2qv44q00000gp/T/
env LANG: en_US.UTF-8
env TERM: xterm-256color
env PATH: /Users/adash/Learning/MlOps/ML Deployment/deploying-machine-learning-models/section-06-model-serving-api/house-prices-api/.tox/test_app/bin:/opt/homebrew/bin:/opt/homebrew/sbin:/usr/local/bin:/System/Cryptexes/App/usr/bin:/usr/bin:/bin:/usr/sbin:/sbin:/usr/local/sbin
env PYTHONHASHSEED: 2894121001
env PIP_DISABLE_PIP_VERSION_CHECK: 1
env PYTHONIOENCODING: utf-8
env PYTHONPATH: .
env TOX_ENV_NAME: run
env TOX_WORK_DIR: /Users/adash/Learning/MlOps/ML Deployment/deploying-machine-learning-models/section-06-model-serving-api/house-prices-api/.tox
env TOX_ENV_DIR: /Users/adash/Learning/MlOps/ML Deployment/deploying-machine-learning-models/section-06-model-serving-api/house-prices-api/.tox/test_app
env VIRTUAL_ENV: /Users/adash/Learning/MlOps/ML Deployment/deploying-machine-learning-models/section-06-model-serving-api/house-prices-api/.tox/test_app
env COLUMNS: 132
env LINES: 17
metadata pid: 18817
cwd: /Users/adash/Learning/MlOps/ML Deployment/deploying-machine-learning-models/section-06-model-serving-api/house-prices-api
allow: /Users/adash/Learning/MlOps/ML Deployment/deploying-machine-learning-models/section-06-model-serving-api/house-prices-api/.tox/test_app/bin/*
cmd: python app/main.py
exit_code: -2
[32mINFO[0m:     ::1:55976 - "[1mGET / HTTP/1.1[0m" [32m200 OK[0m
[32mINFO[0m:     ::1:55976 - "[1mGET /favicon.ico HTTP/1.1[0m" [31m404 Not Found[0m
[32mINFO[0m:     ::1:55976 - "[1mGET /docs HTTP/1.1[0m" [32m200 OK[0m
[32mINFO[0m:     ::1:55976 - "[1mGET /api/v1/openapi.json HTTP/1.1[0m" [32m200 OK[0m
[32mINFO[0m:     ::1:55977 - "[1mGET /api/v1/health HTTP/1.1[0m" [32m200 OK[0m
[32mINFO[0m:     ::1:55977 - "[1mGET /api/v1/health HTTP/1.1[0m" [32m200 OK[0m
[32mINFO[0m:     ::1:55987 - "[1mPOST /api/v1/predict HTTP/1.1[0m" [32m200 OK[0m
[32mINFO[0m:     ::1:55987 - "[1mPOST /api/v1/predict HTTP/1.1[0m" [32m200 OK[0m

standard error:
/Users/adash/Learning/MlOps/ML Deployment/deploying-machine-learning-models/section-06-model-serving-api/house-prices-api/.tox/test_app/lib/python3.9/site-packages/sklearn/base.py:347: InconsistentVersionWarning: Trying to unpickle estimator Binarizer from version 1.2.0 when using version 1.3.0. This might lead to breaking code or invalid results. Use at your own risk. For more info please refer to:
https://scikit-learn.org/stable/model_persistence.html#security-maintainability-limitations
  warnings.warn(
/Users/adash/Learning/MlOps/ML Deployment/deploying-machine-learning-models/section-06-model-serving-api/house-prices-api/.tox/test_app/lib/python3.9/site-packages/sklearn/base.py:347: InconsistentVersionWarning: Trying to unpickle estimator MinMaxScaler from version 1.2.0 when using version 1.3.0. This might lead to breaking code or invalid results. Use at your own risk. For more info please refer to:
https://scikit-learn.org/stable/model_persistence.html#security-maintainability-limitations
  warnings.warn(
/Users/adash/Learning/MlOps/ML Deployment/deploying-machine-learning-models/section-06-model-serving-api/house-prices-api/.tox/test_app/lib/python3.9/site-packages/sklearn/base.py:347: InconsistentVersionWarning: Trying to unpickle estimator Lasso from version 1.2.0 when using version 1.3.0. This might lead to breaking code or invalid results. Use at your own risk. For more info please refer to:
https://scikit-learn.org/stable/model_persistence.html#security-maintainability-limitations
  warnings.warn(
/Users/adash/Learning/MlOps/ML Deployment/deploying-machine-learning-models/section-06-model-serving-api/house-prices-api/.tox/test_app/lib/python3.9/site-packages/sklearn/base.py:347: InconsistentVersionWarning: Trying to unpickle estimator Pipeline from version 1.2.0 when using version 1.3.0. This might lead to breaking code or invalid results. Use at your own risk. For more info please refer to:
https://scikit-learn.org/stable/model_persistence.html#security-maintainability-limitations
  warnings.warn(
[32m2023-09-18 13:10:24.230[0m | [33m[1mWARNING [0m | [36m__main__[0m:[36m<module>[0m:[36m55[0m - [33m[1mRunning in development mode. Do not run like this in production.[0m
[32mINFO[0m:     Started server process [[36m18817[0m]
[32mINFO[0m:     Waiting for application startup.
[32mINFO[0m:     Application startup complete.
[32mINFO[0m:     Uvicorn running on [1mhttp://localhost:8001[0m (Press CTRL+C to quit)
[32m2023-09-18 13:11:49.262[0m | [1mINFO    [0m | [36mapp.api[0m:[36mpredict[0m:[36m40[0m - [1mMaking prediction on inputs: [HouseDataInputSchema(Alley=None, BedroomAbvGr=2, BldgType='1Fam', BsmtCond='TA', BsmtExposure='No', BsmtFinSF1=468.0, BsmtFinSF2=144.0, BsmtFinType1='Rec', BsmtFinType2='LwQ', BsmtFullBath=0.0, BsmtHalfBath=0.0, BsmtQual='TA', BsmtUnfSF=270.0, CentralAir='Y', Condition1='Feedr', Condition2='Norm', Electrical='SBrkr', EnclosedPorch=0, ExterCond='TA', ExterQual='TA', Exterior1st='VinylSd', Exterior2nd='VinylSd', Fence='MnPrv', FireplaceQu=None, Fireplaces=0, Foundation='CBlock', FullBath=1, Functional='Typ', GarageArea=730.0, GarageCars=1.0, GarageCond='TA', GarageFinish='Unf', GarageQual='TA', GarageType='Attchd', GarageYrBlt=1961.0, GrLivArea=896, HalfBath=0, Heating='GasA', HeatingQC='TA', HouseStyle='1Story', Id=None, KitchenAbvGr=1, KitchenQual='TA', LandContour='Lvl', LandSlope='Gtl', LotArea=11622, LotConfig='Inside', LotFrontage=80.0, LotShape='Reg', LowQualFinSF=0, MSSubClass=20, MSZoning='RH', MasVnrArea=0.0, MasVnrType='None', MiscFeature=None, MiscVal=0, MoSold=6, Neighborhood='NAmes', OpenPorchSF=0, OverallCond=6, OverallQual=5, PavedDrive='Y', PoolArea=0, PoolQC=None, RoofMatl='CompShg', RoofStyle='Gable', SaleCondition='Normal', SaleType='WD', ScreenPorch=120, Street='Pave', TotRmsAbvGrd=5, TotalBsmtSF=882.0, Utilities='AllPub', WoodDeckSF=140, YearBuilt=1961, YearRemodAdd=1961, YrSold=2010, FirstFlrSF=896, SecondFlrSF=0, ThreeSsnPortch=0)][0m
[32m2023-09-18 13:11:49.306[0m | [1mINFO    [0m | [36mapp.api[0m:[36mpredict[0m:[36m47[0m - [1mPrediction results: [113422.55344864173][0m
[32m2023-09-18 13:11:51.147[0m | [1mINFO    [0m | [36mapp.api[0m:[36mpredict[0m:[36m40[0m - [1mMaking prediction on inputs: [HouseDataInputSchema(Alley=None, BedroomAbvGr=2, BldgType='1Fam', BsmtCond='TA', BsmtExposure='No', BsmtFinSF1=468.0, BsmtFinSF2=144.0, BsmtFinType1='Rec', BsmtFinType2='LwQ', BsmtFullBath=0.0, BsmtHalfBath=0.0, BsmtQual='TA', BsmtUnfSF=270.0, CentralAir='Y', Condition1='Feedr', Condition2='Norm', Electrical='SBrkr', EnclosedPorch=0, ExterCond='TA', ExterQual='TA', Exterior1st='VinylSd', Exterior2nd='VinylSd', Fence='MnPrv', FireplaceQu=None, Fireplaces=0, Foundation='CBlock', FullBath=1, Functional='Typ', GarageArea=730.0, GarageCars=1.0, GarageCond='TA', GarageFinish='Unf', GarageQual='TA', GarageType='Attchd', GarageYrBlt=1961.0, GrLivArea=896, HalfBath=0, Heating='GasA', HeatingQC='TA', HouseStyle='1Story', Id=None, KitchenAbvGr=1, KitchenQual='TA', LandContour='Lvl', LandSlope='Gtl', LotArea=11622, LotConfig='Inside', LotFrontage=80.0, LotShape='Reg', LowQualFinSF=0, MSSubClass=20, MSZoning='RH', MasVnrArea=0.0, MasVnrType='None', MiscFeature=None, MiscVal=0, MoSold=6, Neighborhood='NAmes', OpenPorchSF=0, OverallCond=6, OverallQual=5, PavedDrive='Y', PoolArea=0, PoolQC=None, RoofMatl='CompShg', RoofStyle='Gable', SaleCondition='Normal', SaleType='WD', ScreenPorch=120, Street='Pave', TotRmsAbvGrd=5, TotalBsmtSF=882.0, Utilities='AllPub', WoodDeckSF=140, YearBuilt=1961, YearRemodAdd=1961, YrSold=2010, FirstFlrSF=896, SecondFlrSF=0, ThreeSsnPortch=0)][0m
[32m2023-09-18 13:11:51.190[0m | [1mINFO    [0m | [36mapp.api[0m:[36mpredict[0m:[36m47[0m - [1mPrediction results: [113422.55344864173][0m
[32mINFO[0m:     Shutting down
[32mINFO[0m:     Finished server process [[36m18817[0m]
[31mERROR[0m:    Traceback (most recent call last):
  File "/Users/adash/Learning/MlOps/ML Deployment/deploying-machine-learning-models/section-06-model-serving-api/house-prices-api/.tox/test_app/lib/python3.9/site-packages/starlette/routing.py", line 686, in lifespan
    await receive()
  File "/Users/adash/Learning/MlOps/ML Deployment/deploying-machine-learning-models/section-06-model-serving-api/house-prices-api/.tox/test_app/lib/python3.9/site-packages/uvicorn/lifespan/on.py", line 137, in receive
    return await self.receive_queue.get()
  File "/Library/Developer/CommandLineTools/Library/Frameworks/Python3.framework/Versions/3.9/lib/python3.9/asyncio/queues.py", line 166, in get
    await getter
asyncio.exceptions.CancelledError

